Build started 8/30/2014 1:57:22 AM.
     1>Project "C:\Users\Josh\documents\visual studio 2013\Projects\Fizz6\Fizz6\Fizz6.vcxproj" on node 2 (Build target(s)).
     1>ClCompile:
         C:\Program Files (x86)\Microsoft Visual Studio 12.0\VC\bin\CL.exe /c /ZI /nologo /W3 /WX- /sdl /Od /Oy- /D _MBCS /Gm /EHsc /RTC1 /MDd /GS /fp:precise /Zc:wchar_t /Zc:forScope /Fo"Debug\\" /Fd"Debug\vc120.pdb" /Gd /TP /analyze- /errorReport:prompt Collider.cpp Primitive.cpp
         Collider.cpp
     1>c:\users\josh\documents\visual studio 2013\projects\fizz6\fizz6\collider.h(4): warning C4067: unexpected tokens following preprocessor directive - expected a newline
     1>c:\users\josh\documents\visual studio 2013\projects\fizz6\fizz6\collider.h(15): warning C4091: 'static ' : ignored on left of 'Collider' when no variable is declared
         Generating Code...
         Skipping... (no relevant changes detected)
         Primitive.cpp
       Link:
         C:\Program Files (x86)\Microsoft Visual Studio 12.0\VC\bin\link.exe /ERRORREPORT:PROMPT /OUT:"C:\Users\Josh\documents\visual studio 2013\Projects\Fizz6\Debug\Fizz6.exe" /INCREMENTAL /NOLOGO kernel32.lib user32.lib gdi32.lib winspool.lib comdlg32.lib advapi32.lib shell32.lib ole32.lib oleaut32.lib uuid.lib odbc32.lib odbccp32.lib /MANIFEST /MANIFESTUAC:"level='asInvoker' uiAccess='false'" /manifest:embed /DEBUG /PDB:"C:\Users\Josh\documents\visual studio 2013\Projects\Fizz6\Debug\Fizz6.pdb" /TLBID:1 /DYNAMICBASE /NXCOMPAT /IMPLIB:"C:\Users\Josh\documents\visual studio 2013\Projects\Fizz6\Debug\Fizz6.lib" /MACHINE:X86 Debug\Collider.obj
         Debug\main.obj
         Debug\Polygon.obj
         Debug\Primitive.obj
         Debug\Quadrilateral.obj
         Debug\Triangle.obj
         "C:\Users\Josh\documents\visual studio 2013\Projects\Fizz6\lib\DirectXTK\Bin\Desktop_2013\Win32\Debug\DirectXTK.lib"
         Fizz6.vcxproj -> C:\Users\Josh\documents\visual studio 2013\Projects\Fizz6\Debug\Fizz6.exe
     1>Done Building Project "C:\Users\Josh\documents\visual studio 2013\Projects\Fizz6\Fizz6\Fizz6.vcxproj" (Build target(s)).

Build succeeded.

Time Elapsed 00:00:02.14
